\BOOKMARK [0][-]{chapter*.3}{Lista de Figuras}{}% 1
\BOOKMARK [0][-]{chapter*.4}{Lista de Abreviaturas}{}% 2
\BOOKMARK [0][-]{chapter.1}{Introdu\347\343o}{}% 3
\BOOKMARK [1][-]{section.1.1}{Objetivos do trabalho}{chapter.1}% 4
\BOOKMARK [1][-]{section.1.2}{Organiza\347\343o da proposta }{chapter.1}% 5
\BOOKMARK [0][-]{chapter.2}{Fundamenta\347\343o Te\363rica}{}% 6
\BOOKMARK [1][-]{section.2.1}{Heur\355sticas Construtivas}{chapter.2}% 7
\BOOKMARK [1][-]{section.2.2}{Heur\355sticas de Refinamento}{chapter.2}% 8
\BOOKMARK [2][-]{subsection.2.2.1}{M\351todo da primeira descida/subida}{section.2.2}% 9
\BOOKMARK [2][-]{subsection.2.2.2}{M\351todo da primeira melhora}{section.2.2}% 10
\BOOKMARK [2][-]{subsection.2.2.3}{M\351todo rand\364mico de descida/subida}{section.2.2}% 11
\BOOKMARK [2][-]{subsection.2.2.4}{M\351todo rand\364mico n\343o ascendente/descendente}{section.2.2}% 12
\BOOKMARK [1][-]{section.2.3}{Metaheur\355stica}{chapter.2}% 13
\BOOKMARK [2][-]{subsection.2.3.1}{GRASP}{section.2.3}% 14
\BOOKMARK [2][-]{subsection.2.3.2}{ILS}{section.2.3}% 15
\BOOKMARK [1][-]{section.2.4}{Programa\347\343o Linear}{chapter.2}% 16
\BOOKMARK [1][-]{section.2.5}{Revis\343o da literatura}{chapter.2}% 17
\BOOKMARK [0][-]{chapter.3}{Gera\347\343o das inst\342ncias}{}% 18
\BOOKMARK [0][-]{chapter.4}{M\351todo Proposto}{}% 19
\BOOKMARK [0][-]{chapter.5}{Resultados preliminares e Discuss\365es}{}% 20
\BOOKMARK [0][-]{chapter.6}{Conclus\365es}{}% 21
\BOOKMARK [0][-]{chapter*.5}{Refer\352ncias Bibliogr\341ficas}{}% 22
